<?xml version="1.0" encoding="UTF-8"?>
<testsuites name="@coderich/autograph" tests="10" failures="1" time="3.248">
  <testsuite name="Resolver" errors="0" failures="1" skipped="0" timestamp="2019-12-17T06:34:25" time="2.048" tests="1">
    <testcase classname="Resolver PersonSchema" name="Resolver PersonSchema" time="0.204">
      <failure>Error: Variable &quot;$id&quot; of required type &quot;ID!&quot; was not provided.: {&quot;response&quot;:{&quot;errors&quot;:[{&quot;message&quot;:&quot;Variable \&quot;$id\&quot; of required type \&quot;ID!\&quot; was not provided.&quot;,&quot;locations&quot;:[{&quot;line&quot;:1,&quot;column&quot;:24}],&quot;extensions&quot;:{&quot;code&quot;:&quot;INTERNAL_SERVER_ERROR&quot;}},{&quot;message&quot;:&quot;Variable \&quot;$data\&quot; got invalid value { 0: \&quot;5\&quot;, 1: \&quot;d\&quot;, 2: \&quot;f\&quot;, 3: \&quot;8\&quot;, 4: \&quot;7\&quot;, 5: \&quot;6\&quot;, 6: \&quot;f\&quot;, 7: \&quot;3\&quot;, 8: \&quot;8\&quot;, 9: \&quot;0\&quot;, 10: \&quot;7\&quot;, 11: \&quot;f\&quot;, 12: \&quot;9\&quot;, 13: \&quot;9\&quot;, 14: \&quot;4\&quot;, 15: \&quot;5\&quot;, 16: \&quot;2\&quot;, 17: \&quot;f\&quot;, 18: \&quot;9\&quot;, 19: \&quot;0\&quot;, 20: \&quot;a\&quot;, 21: \&quot;2\&quot;, 22: \&quot;4\&quot;, 23: \&quot;c\&quot;, id: { name: \&quot;rich\&quot;, friends: [Array] } }; Field \&quot;0\&quot; is not defined by type PersonInputUpdate.&quot;,&quot;locations&quot;:[{&quot;line&quot;:1,&quot;column&quot;:33}],&quot;extensions&quot;:{&quot;code&quot;:&quot;INTERNAL_SERVER_ERROR&quot;}},{&quot;message&quot;:&quot;Variable \&quot;$data\&quot; got invalid value { 0: \&quot;5\&quot;, 1: \&quot;d\&quot;, 2: \&quot;f\&quot;, 3: \&quot;8\&quot;, 4: \&quot;7\&quot;, 5: \&quot;6\&quot;, 6: \&quot;f\&quot;, 7: \&quot;3\&quot;, 8: \&quot;8\&quot;, 9: \&quot;0\&quot;, 10: \&quot;7\&quot;, 11: \&quot;f\&quot;, 12: \&quot;9\&quot;, 13: \&quot;9\&quot;, 14: \&quot;4\&quot;, 15: \&quot;5\&quot;, 16: \&quot;2\&quot;, 17: \&quot;f\&quot;, 18: \&quot;9\&quot;, 19: \&quot;0\&quot;, 20: \&quot;a\&quot;, 21: \&quot;2\&quot;, 22: \&quot;4\&quot;, 23: \&quot;c\&quot;, id: { name: \&quot;rich\&quot;, friends: [Array] } }; Field \&quot;1\&quot; is not defined by type PersonInputUpdate.&quot;,&quot;locations&quot;:[{&quot;line&quot;:1,&quot;column&quot;:33}],&quot;extensions&quot;:{&quot;code&quot;:&quot;INTERNAL_SERVER_ERROR&quot;}},{&quot;message&quot;:&quot;Variable \&quot;$data\&quot; got invalid value { 0: \&quot;5\&quot;, 1: \&quot;d\&quot;, 2: \&quot;f\&quot;, 3: \&quot;8\&quot;, 4: \&quot;7\&quot;, 5: \&quot;6\&quot;, 6: \&quot;f\&quot;, 7: \&quot;3\&quot;, 8: \&quot;8\&quot;, 9: \&quot;0\&quot;, 10: \&quot;7\&quot;, 11: \&quot;f\&quot;, 12: \&quot;9\&quot;, 13: \&quot;9\&quot;, 14: \&quot;4\&quot;, 15: \&quot;5\&quot;, 16: \&quot;2\&quot;, 17: \&quot;f\&quot;, 18: \&quot;9\&quot;, 19: \&quot;0\&quot;, 20: \&quot;a\&quot;, 21: \&quot;2\&quot;, 22: \&quot;4\&quot;, 23: \&quot;c\&quot;, id: { name: \&quot;rich\&quot;, friends: [Array] } }; Field \&quot;2\&quot; is not defined by type PersonInputUpdate.&quot;,&quot;locations&quot;:[{&quot;line&quot;:1,&quot;column&quot;:33}],&quot;extensions&quot;:{&quot;code&quot;:&quot;INTERNAL_SERVER_ERROR&quot;}},{&quot;message&quot;:&quot;Variable \&quot;$data\&quot; got invalid value { 0: \&quot;5\&quot;, 1: \&quot;d\&quot;, 2: \&quot;f\&quot;, 3: \&quot;8\&quot;, 4: \&quot;7\&quot;, 5: \&quot;6\&quot;, 6: \&quot;f\&quot;, 7: \&quot;3\&quot;, 8: \&quot;8\&quot;, 9: \&quot;0\&quot;, 10: \&quot;7\&quot;, 11: \&quot;f\&quot;, 12: \&quot;9\&quot;, 13: \&quot;9\&quot;, 14: \&quot;4\&quot;, 15: \&quot;5\&quot;, 16: \&quot;2\&quot;, 17: \&quot;f\&quot;, 18: \&quot;9\&quot;, 19: \&quot;0\&quot;, 20: \&quot;a\&quot;, 21: \&quot;2\&quot;, 22: \&quot;4\&quot;, 23: \&quot;c\&quot;, id: { name: \&quot;rich\&quot;, friends: [Array] } }; Field \&quot;3\&quot; is not defined by type PersonInputUpdate.&quot;,&quot;locations&quot;:[{&quot;line&quot;:1,&quot;column&quot;:33}],&quot;extensions&quot;:{&quot;code&quot;:&quot;INTERNAL_SERVER_ERROR&quot;}},{&quot;message&quot;:&quot;Variable \&quot;$data\&quot; got invalid value { 0: \&quot;5\&quot;, 1: \&quot;d\&quot;, 2: \&quot;f\&quot;, 3: \&quot;8\&quot;, 4: \&quot;7\&quot;, 5: \&quot;6\&quot;, 6: \&quot;f\&quot;, 7: \&quot;3\&quot;, 8: \&quot;8\&quot;, 9: \&quot;0\&quot;, 10: \&quot;7\&quot;, 11: \&quot;f\&quot;, 12: \&quot;9\&quot;, 13: \&quot;9\&quot;, 14: \&quot;4\&quot;, 15: \&quot;5\&quot;, 16: \&quot;2\&quot;, 17: \&quot;f\&quot;, 18: \&quot;9\&quot;, 19: \&quot;0\&quot;, 20: \&quot;a\&quot;, 21: \&quot;2\&quot;, 22: \&quot;4\&quot;, 23: \&quot;c\&quot;, id: { name: \&quot;rich\&quot;, friends: [Array] } }; Field \&quot;4\&quot; is not defined by type PersonInputUpdate.&quot;,&quot;locations&quot;:[{&quot;line&quot;:1,&quot;column&quot;:33}],&quot;extensions&quot;:{&quot;code&quot;:&quot;INTERNAL_SERVER_ERROR&quot;}},{&quot;message&quot;:&quot;Variable \&quot;$data\&quot; got invalid value { 0: \&quot;5\&quot;, 1: \&quot;d\&quot;, 2: \&quot;f\&quot;, 3: \&quot;8\&quot;, 4: \&quot;7\&quot;, 5: \&quot;6\&quot;, 6: \&quot;f\&quot;, 7: \&quot;3\&quot;, 8: \&quot;8\&quot;, 9: \&quot;0\&quot;, 10: \&quot;7\&quot;, 11: \&quot;f\&quot;, 12: \&quot;9\&quot;, 13: \&quot;9\&quot;, 14: \&quot;4\&quot;, 15: \&quot;5\&quot;, 16: \&quot;2\&quot;, 17: \&quot;f\&quot;, 18: \&quot;9\&quot;, 19: \&quot;0\&quot;, 20: \&quot;a\&quot;, 21: \&quot;2\&quot;, 22: \&quot;4\&quot;, 23: \&quot;c\&quot;, id: { name: \&quot;rich\&quot;, friends: [Array] } }; Field \&quot;5\&quot; is not defined by type PersonInputUpdate.&quot;,&quot;locations&quot;:[{&quot;line&quot;:1,&quot;column&quot;:33}],&quot;extensions&quot;:{&quot;code&quot;:&quot;INTERNAL_SERVER_ERROR&quot;}},{&quot;message&quot;:&quot;Variable \&quot;$data\&quot; got invalid value { 0: \&quot;5\&quot;, 1: \&quot;d\&quot;, 2: \&quot;f\&quot;, 3: \&quot;8\&quot;, 4: \&quot;7\&quot;, 5: \&quot;6\&quot;, 6: \&quot;f\&quot;, 7: \&quot;3\&quot;, 8: \&quot;8\&quot;, 9: \&quot;0\&quot;, 10: \&quot;7\&quot;, 11: \&quot;f\&quot;, 12: \&quot;9\&quot;, 13: \&quot;9\&quot;, 14: \&quot;4\&quot;, 15: \&quot;5\&quot;, 16: \&quot;2\&quot;, 17: \&quot;f\&quot;, 18: \&quot;9\&quot;, 19: \&quot;0\&quot;, 20: \&quot;a\&quot;, 21: \&quot;2\&quot;, 22: \&quot;4\&quot;, 23: \&quot;c\&quot;, id: { name: \&quot;rich\&quot;, friends: [Array] } }; Field \&quot;6\&quot; is not defined by type PersonInputUpdate.&quot;,&quot;locations&quot;:[{&quot;line&quot;:1,&quot;column&quot;:33}],&quot;extensions&quot;:{&quot;code&quot;:&quot;INTERNAL_SERVER_ERROR&quot;}},{&quot;message&quot;:&quot;Variable \&quot;$data\&quot; got invalid value { 0: \&quot;5\&quot;, 1: \&quot;d\&quot;, 2: \&quot;f\&quot;, 3: \&quot;8\&quot;, 4: \&quot;7\&quot;, 5: \&quot;6\&quot;, 6: \&quot;f\&quot;, 7: \&quot;3\&quot;, 8: \&quot;8\&quot;, 9: \&quot;0\&quot;, 10: \&quot;7\&quot;, 11: \&quot;f\&quot;, 12: \&quot;9\&quot;, 13: \&quot;9\&quot;, 14: \&quot;4\&quot;, 15: \&quot;5\&quot;, 16: \&quot;2\&quot;, 17: \&quot;f\&quot;, 18: \&quot;9\&quot;, 19: \&quot;0\&quot;, 20: \&quot;a\&quot;, 21: \&quot;2\&quot;, 22: \&quot;4\&quot;, 23: \&quot;c\&quot;, id: { name: \&quot;rich\&quot;, friends: [Array] } }; Field \&quot;7\&quot; is not defined by type PersonInputUpdate.&quot;,&quot;locations&quot;:[{&quot;line&quot;:1,&quot;column&quot;:33}],&quot;extensions&quot;:{&quot;code&quot;:&quot;INTERNAL_SERVER_ERROR&quot;}},{&quot;message&quot;:&quot;Variable \&quot;$data\&quot; got invalid value { 0: \&quot;5\&quot;, 1: \&quot;d\&quot;, 2: \&quot;f\&quot;, 3: \&quot;8\&quot;, 4: \&quot;7\&quot;, 5: \&quot;6\&quot;, 6: \&quot;f\&quot;, 7: \&quot;3\&quot;, 8: \&quot;8\&quot;, 9: \&quot;0\&quot;, 10: \&quot;7\&quot;, 11: \&quot;f\&quot;, 12: \&quot;9\&quot;, 13: \&quot;9\&quot;, 14: \&quot;4\&quot;, 15: \&quot;5\&quot;, 16: \&quot;2\&quot;, 17: \&quot;f\&quot;, 18: \&quot;9\&quot;, 19: \&quot;0\&quot;, 20: \&quot;a\&quot;, 21: \&quot;2\&quot;, 22: \&quot;4\&quot;, 23: \&quot;c\&quot;, id: { name: \&quot;rich\&quot;, friends: [Array] } }; Field \&quot;8\&quot; is not defined by type PersonInputUpdate.&quot;,&quot;locations&quot;:[{&quot;line&quot;:1,&quot;column&quot;:33}],&quot;extensions&quot;:{&quot;code&quot;:&quot;INTERNAL_SERVER_ERROR&quot;}},{&quot;message&quot;:&quot;Variable \&quot;$data\&quot; got invalid value { 0: \&quot;5\&quot;, 1: \&quot;d\&quot;, 2: \&quot;f\&quot;, 3: \&quot;8\&quot;, 4: \&quot;7\&quot;, 5: \&quot;6\&quot;, 6: \&quot;f\&quot;, 7: \&quot;3\&quot;, 8: \&quot;8\&quot;, 9: \&quot;0\&quot;, 10: \&quot;7\&quot;, 11: \&quot;f\&quot;, 12: \&quot;9\&quot;, 13: \&quot;9\&quot;, 14: \&quot;4\&quot;, 15: \&quot;5\&quot;, 16: \&quot;2\&quot;, 17: \&quot;f\&quot;, 18: \&quot;9\&quot;, 19: \&quot;0\&quot;, 20: \&quot;a\&quot;, 21: \&quot;2\&quot;, 22: \&quot;4\&quot;, 23: \&quot;c\&quot;, id: { name: \&quot;rich\&quot;, friends: [Array] } }; Field \&quot;9\&quot; is not defined by type PersonInputUpdate.&quot;,&quot;locations&quot;:[{&quot;line&quot;:1,&quot;column&quot;:33}],&quot;extensions&quot;:{&quot;code&quot;:&quot;INTERNAL_SERVER_ERROR&quot;}},{&quot;message&quot;:&quot;Variable \&quot;$data\&quot; got invalid value { 0: \&quot;5\&quot;, 1: \&quot;d\&quot;, 2: \&quot;f\&quot;, 3: \&quot;8\&quot;, 4: \&quot;7\&quot;, 5: \&quot;6\&quot;, 6: \&quot;f\&quot;, 7: \&quot;3\&quot;, 8: \&quot;8\&quot;, 9: \&quot;0\&quot;, 10: \&quot;7\&quot;, 11: \&quot;f\&quot;, 12: \&quot;9\&quot;, 13: \&quot;9\&quot;, 14: \&quot;4\&quot;, 15: \&quot;5\&quot;, 16: \&quot;2\&quot;, 17: \&quot;f\&quot;, 18: \&quot;9\&quot;, 19: \&quot;0\&quot;, 20: \&quot;a\&quot;, 21: \&quot;2\&quot;, 22: \&quot;4\&quot;, 23: \&quot;c\&quot;, id: { name: \&quot;rich\&quot;, friends: [Array] } }; Field \&quot;10\&quot; is not defined by type PersonInputUpdate.&quot;,&quot;locations&quot;:[{&quot;line&quot;:1,&quot;column&quot;:33}],&quot;extensions&quot;:{&quot;code&quot;:&quot;INTERNAL_SERVER_ERROR&quot;}},{&quot;message&quot;:&quot;Variable \&quot;$data\&quot; got invalid value { 0: \&quot;5\&quot;, 1: \&quot;d\&quot;, 2: \&quot;f\&quot;, 3: \&quot;8\&quot;, 4: \&quot;7\&quot;, 5: \&quot;6\&quot;, 6: \&quot;f\&quot;, 7: \&quot;3\&quot;, 8: \&quot;8\&quot;, 9: \&quot;0\&quot;, 10: \&quot;7\&quot;, 11: \&quot;f\&quot;, 12: \&quot;9\&quot;, 13: \&quot;9\&quot;, 14: \&quot;4\&quot;, 15: \&quot;5\&quot;, 16: \&quot;2\&quot;, 17: \&quot;f\&quot;, 18: \&quot;9\&quot;, 19: \&quot;0\&quot;, 20: \&quot;a\&quot;, 21: \&quot;2\&quot;, 22: \&quot;4\&quot;, 23: \&quot;c\&quot;, id: { name: \&quot;rich\&quot;, friends: [Array] } }; Field \&quot;11\&quot; is not defined by type PersonInputUpdate.&quot;,&quot;locations&quot;:[{&quot;line&quot;:1,&quot;column&quot;:33}],&quot;extensions&quot;:{&quot;code&quot;:&quot;INTERNAL_SERVER_ERROR&quot;}},{&quot;message&quot;:&quot;Variable \&quot;$data\&quot; got invalid value { 0: \&quot;5\&quot;, 1: \&quot;d\&quot;, 2: \&quot;f\&quot;, 3: \&quot;8\&quot;, 4: \&quot;7\&quot;, 5: \&quot;6\&quot;, 6: \&quot;f\&quot;, 7: \&quot;3\&quot;, 8: \&quot;8\&quot;, 9: \&quot;0\&quot;, 10: \&quot;7\&quot;, 11: \&quot;f\&quot;, 12: \&quot;9\&quot;, 13: \&quot;9\&quot;, 14: \&quot;4\&quot;, 15: \&quot;5\&quot;, 16: \&quot;2\&quot;, 17: \&quot;f\&quot;, 18: \&quot;9\&quot;, 19: \&quot;0\&quot;, 20: \&quot;a\&quot;, 21: \&quot;2\&quot;, 22: \&quot;4\&quot;, 23: \&quot;c\&quot;, id: { name: \&quot;rich\&quot;, friends: [Array] } }; Field \&quot;12\&quot; is not defined by type PersonInputUpdate.&quot;,&quot;locations&quot;:[{&quot;line&quot;:1,&quot;column&quot;:33}],&quot;extensions&quot;:{&quot;code&quot;:&quot;INTERNAL_SERVER_ERROR&quot;}},{&quot;message&quot;:&quot;Variable \&quot;$data\&quot; got invalid value { 0: \&quot;5\&quot;, 1: \&quot;d\&quot;, 2: \&quot;f\&quot;, 3: \&quot;8\&quot;, 4: \&quot;7\&quot;, 5: \&quot;6\&quot;, 6: \&quot;f\&quot;, 7: \&quot;3\&quot;, 8: \&quot;8\&quot;, 9: \&quot;0\&quot;, 10: \&quot;7\&quot;, 11: \&quot;f\&quot;, 12: \&quot;9\&quot;, 13: \&quot;9\&quot;, 14: \&quot;4\&quot;, 15: \&quot;5\&quot;, 16: \&quot;2\&quot;, 17: \&quot;f\&quot;, 18: \&quot;9\&quot;, 19: \&quot;0\&quot;, 20: \&quot;a\&quot;, 21: \&quot;2\&quot;, 22: \&quot;4\&quot;, 23: \&quot;c\&quot;, id: { name: \&quot;rich\&quot;, friends: [Array] } }; Field \&quot;13\&quot; is not defined by type PersonInputUpdate.&quot;,&quot;locations&quot;:[{&quot;line&quot;:1,&quot;column&quot;:33}],&quot;extensions&quot;:{&quot;code&quot;:&quot;INTERNAL_SERVER_ERROR&quot;}},{&quot;message&quot;:&quot;Variable \&quot;$data\&quot; got invalid value { 0: \&quot;5\&quot;, 1: \&quot;d\&quot;, 2: \&quot;f\&quot;, 3: \&quot;8\&quot;, 4: \&quot;7\&quot;, 5: \&quot;6\&quot;, 6: \&quot;f\&quot;, 7: \&quot;3\&quot;, 8: \&quot;8\&quot;, 9: \&quot;0\&quot;, 10: \&quot;7\&quot;, 11: \&quot;f\&quot;, 12: \&quot;9\&quot;, 13: \&quot;9\&quot;, 14: \&quot;4\&quot;, 15: \&quot;5\&quot;, 16: \&quot;2\&quot;, 17: \&quot;f\&quot;, 18: \&quot;9\&quot;, 19: \&quot;0\&quot;, 20: \&quot;a\&quot;, 21: \&quot;2\&quot;, 22: \&quot;4\&quot;, 23: \&quot;c\&quot;, id: { name: \&quot;rich\&quot;, friends: [Array] } }; Field \&quot;14\&quot; is not defined by type PersonInputUpdate.&quot;,&quot;locations&quot;:[{&quot;line&quot;:1,&quot;column&quot;:33}],&quot;extensions&quot;:{&quot;code&quot;:&quot;INTERNAL_SERVER_ERROR&quot;}},{&quot;message&quot;:&quot;Variable \&quot;$data\&quot; got invalid value { 0: \&quot;5\&quot;, 1: \&quot;d\&quot;, 2: \&quot;f\&quot;, 3: \&quot;8\&quot;, 4: \&quot;7\&quot;, 5: \&quot;6\&quot;, 6: \&quot;f\&quot;, 7: \&quot;3\&quot;, 8: \&quot;8\&quot;, 9: \&quot;0\&quot;, 10: \&quot;7\&quot;, 11: \&quot;f\&quot;, 12: \&quot;9\&quot;, 13: \&quot;9\&quot;, 14: \&quot;4\&quot;, 15: \&quot;5\&quot;, 16: \&quot;2\&quot;, 17: \&quot;f\&quot;, 18: \&quot;9\&quot;, 19: \&quot;0\&quot;, 20: \&quot;a\&quot;, 21: \&quot;2\&quot;, 22: \&quot;4\&quot;, 23: \&quot;c\&quot;, id: { name: \&quot;rich\&quot;, friends: [Array] } }; Field \&quot;15\&quot; is not defined by type PersonInputUpdate.&quot;,&quot;locations&quot;:[{&quot;line&quot;:1,&quot;column&quot;:33}],&quot;extensions&quot;:{&quot;code&quot;:&quot;INTERNAL_SERVER_ERROR&quot;}},{&quot;message&quot;:&quot;Variable \&quot;$data\&quot; got invalid value { 0: \&quot;5\&quot;, 1: \&quot;d\&quot;, 2: \&quot;f\&quot;, 3: \&quot;8\&quot;, 4: \&quot;7\&quot;, 5: \&quot;6\&quot;, 6: \&quot;f\&quot;, 7: \&quot;3\&quot;, 8: \&quot;8\&quot;, 9: \&quot;0\&quot;, 10: \&quot;7\&quot;, 11: \&quot;f\&quot;, 12: \&quot;9\&quot;, 13: \&quot;9\&quot;, 14: \&quot;4\&quot;, 15: \&quot;5\&quot;, 16: \&quot;2\&quot;, 17: \&quot;f\&quot;, 18: \&quot;9\&quot;, 19: \&quot;0\&quot;, 20: \&quot;a\&quot;, 21: \&quot;2\&quot;, 22: \&quot;4\&quot;, 23: \&quot;c\&quot;, id: { name: \&quot;rich\&quot;, friends: [Array] } }; Field \&quot;16\&quot; is not defined by type PersonInputUpdate.&quot;,&quot;locations&quot;:[{&quot;line&quot;:1,&quot;column&quot;:33}],&quot;extensions&quot;:{&quot;code&quot;:&quot;INTERNAL_SERVER_ERROR&quot;}},{&quot;message&quot;:&quot;Variable \&quot;$data\&quot; got invalid value { 0: \&quot;5\&quot;, 1: \&quot;d\&quot;, 2: \&quot;f\&quot;, 3: \&quot;8\&quot;, 4: \&quot;7\&quot;, 5: \&quot;6\&quot;, 6: \&quot;f\&quot;, 7: \&quot;3\&quot;, 8: \&quot;8\&quot;, 9: \&quot;0\&quot;, 10: \&quot;7\&quot;, 11: \&quot;f\&quot;, 12: \&quot;9\&quot;, 13: \&quot;9\&quot;, 14: \&quot;4\&quot;, 15: \&quot;5\&quot;, 16: \&quot;2\&quot;, 17: \&quot;f\&quot;, 18: \&quot;9\&quot;, 19: \&quot;0\&quot;, 20: \&quot;a\&quot;, 21: \&quot;2\&quot;, 22: \&quot;4\&quot;, 23: \&quot;c\&quot;, id: { name: \&quot;rich\&quot;, friends: [Array] } }; Field \&quot;17\&quot; is not defined by type PersonInputUpdate.&quot;,&quot;locations&quot;:[{&quot;line&quot;:1,&quot;column&quot;:33}],&quot;extensions&quot;:{&quot;code&quot;:&quot;INTERNAL_SERVER_ERROR&quot;}},{&quot;message&quot;:&quot;Variable \&quot;$data\&quot; got invalid value { 0: \&quot;5\&quot;, 1: \&quot;d\&quot;, 2: \&quot;f\&quot;, 3: \&quot;8\&quot;, 4: \&quot;7\&quot;, 5: \&quot;6\&quot;, 6: \&quot;f\&quot;, 7: \&quot;3\&quot;, 8: \&quot;8\&quot;, 9: \&quot;0\&quot;, 10: \&quot;7\&quot;, 11: \&quot;f\&quot;, 12: \&quot;9\&quot;, 13: \&quot;9\&quot;, 14: \&quot;4\&quot;, 15: \&quot;5\&quot;, 16: \&quot;2\&quot;, 17: \&quot;f\&quot;, 18: \&quot;9\&quot;, 19: \&quot;0\&quot;, 20: \&quot;a\&quot;, 21: \&quot;2\&quot;, 22: \&quot;4\&quot;, 23: \&quot;c\&quot;, id: { name: \&quot;rich\&quot;, friends: [Array] } }; Field \&quot;18\&quot; is not defined by type PersonInputUpdate.&quot;,&quot;locations&quot;:[{&quot;line&quot;:1,&quot;column&quot;:33}],&quot;extensions&quot;:{&quot;code&quot;:&quot;INTERNAL_SERVER_ERROR&quot;}},{&quot;message&quot;:&quot;Variable \&quot;$data\&quot; got invalid value { 0: \&quot;5\&quot;, 1: \&quot;d\&quot;, 2: \&quot;f\&quot;, 3: \&quot;8\&quot;, 4: \&quot;7\&quot;, 5: \&quot;6\&quot;, 6: \&quot;f\&quot;, 7: \&quot;3\&quot;, 8: \&quot;8\&quot;, 9: \&quot;0\&quot;, 10: \&quot;7\&quot;, 11: \&quot;f\&quot;, 12: \&quot;9\&quot;, 13: \&quot;9\&quot;, 14: \&quot;4\&quot;, 15: \&quot;5\&quot;, 16: \&quot;2\&quot;, 17: \&quot;f\&quot;, 18: \&quot;9\&quot;, 19: \&quot;0\&quot;, 20: \&quot;a\&quot;, 21: \&quot;2\&quot;, 22: \&quot;4\&quot;, 23: \&quot;c\&quot;, id: { name: \&quot;rich\&quot;, friends: [Array] } }; Field \&quot;19\&quot; is not defined by type PersonInputUpdate.&quot;,&quot;locations&quot;:[{&quot;line&quot;:1,&quot;column&quot;:33}],&quot;extensions&quot;:{&quot;code&quot;:&quot;INTERNAL_SERVER_ERROR&quot;}},{&quot;message&quot;:&quot;Variable \&quot;$data\&quot; got invalid value { 0: \&quot;5\&quot;, 1: \&quot;d\&quot;, 2: \&quot;f\&quot;, 3: \&quot;8\&quot;, 4: \&quot;7\&quot;, 5: \&quot;6\&quot;, 6: \&quot;f\&quot;, 7: \&quot;3\&quot;, 8: \&quot;8\&quot;, 9: \&quot;0\&quot;, 10: \&quot;7\&quot;, 11: \&quot;f\&quot;, 12: \&quot;9\&quot;, 13: \&quot;9\&quot;, 14: \&quot;4\&quot;, 15: \&quot;5\&quot;, 16: \&quot;2\&quot;, 17: \&quot;f\&quot;, 18: \&quot;9\&quot;, 19: \&quot;0\&quot;, 20: \&quot;a\&quot;, 21: \&quot;2\&quot;, 22: \&quot;4\&quot;, 23: \&quot;c\&quot;, id: { name: \&quot;rich\&quot;, friends: [Array] } }; Field \&quot;20\&quot; is not defined by type PersonInputUpdate.&quot;,&quot;locations&quot;:[{&quot;line&quot;:1,&quot;column&quot;:33}],&quot;extensions&quot;:{&quot;code&quot;:&quot;INTERNAL_SERVER_ERROR&quot;}},{&quot;message&quot;:&quot;Variable \&quot;$data\&quot; got invalid value { 0: \&quot;5\&quot;, 1: \&quot;d\&quot;, 2: \&quot;f\&quot;, 3: \&quot;8\&quot;, 4: \&quot;7\&quot;, 5: \&quot;6\&quot;, 6: \&quot;f\&quot;, 7: \&quot;3\&quot;, 8: \&quot;8\&quot;, 9: \&quot;0\&quot;, 10: \&quot;7\&quot;, 11: \&quot;f\&quot;, 12: \&quot;9\&quot;, 13: \&quot;9\&quot;, 14: \&quot;4\&quot;, 15: \&quot;5\&quot;, 16: \&quot;2\&quot;, 17: \&quot;f\&quot;, 18: \&quot;9\&quot;, 19: \&quot;0\&quot;, 20: \&quot;a\&quot;, 21: \&quot;2\&quot;, 22: \&quot;4\&quot;, 23: \&quot;c\&quot;, id: { name: \&quot;rich\&quot;, friends: [Array] } }; Field \&quot;21\&quot; is not defined by type PersonInputUpdate.&quot;,&quot;locations&quot;:[{&quot;line&quot;:1,&quot;column&quot;:33}],&quot;extensions&quot;:{&quot;code&quot;:&quot;INTERNAL_SERVER_ERROR&quot;}},{&quot;message&quot;:&quot;Variable \&quot;$data\&quot; got invalid value { 0: \&quot;5\&quot;, 1: \&quot;d\&quot;, 2: \&quot;f\&quot;, 3: \&quot;8\&quot;, 4: \&quot;7\&quot;, 5: \&quot;6\&quot;, 6: \&quot;f\&quot;, 7: \&quot;3\&quot;, 8: \&quot;8\&quot;, 9: \&quot;0\&quot;, 10: \&quot;7\&quot;, 11: \&quot;f\&quot;, 12: \&quot;9\&quot;, 13: \&quot;9\&quot;, 14: \&quot;4\&quot;, 15: \&quot;5\&quot;, 16: \&quot;2\&quot;, 17: \&quot;f\&quot;, 18: \&quot;9\&quot;, 19: \&quot;0\&quot;, 20: \&quot;a\&quot;, 21: \&quot;2\&quot;, 22: \&quot;4\&quot;, 23: \&quot;c\&quot;, id: { name: \&quot;rich\&quot;, friends: [Array] } }; Field \&quot;22\&quot; is not defined by type PersonInputUpdate.&quot;,&quot;locations&quot;:[{&quot;line&quot;:1,&quot;column&quot;:33}],&quot;extensions&quot;:{&quot;code&quot;:&quot;INTERNAL_SERVER_ERROR&quot;}},{&quot;message&quot;:&quot;Variable \&quot;$data\&quot; got invalid value { 0: \&quot;5\&quot;, 1: \&quot;d\&quot;, 2: \&quot;f\&quot;, 3: \&quot;8\&quot;, 4: \&quot;7\&quot;, 5: \&quot;6\&quot;, 6: \&quot;f\&quot;, 7: \&quot;3\&quot;, 8: \&quot;8\&quot;, 9: \&quot;0\&quot;, 10: \&quot;7\&quot;, 11: \&quot;f\&quot;, 12: \&quot;9\&quot;, 13: \&quot;9\&quot;, 14: \&quot;4\&quot;, 15: \&quot;5\&quot;, 16: \&quot;2\&quot;, 17: \&quot;f\&quot;, 18: \&quot;9\&quot;, 19: \&quot;0\&quot;, 20: \&quot;a\&quot;, 21: \&quot;2\&quot;, 22: \&quot;4\&quot;, 23: \&quot;c\&quot;, id: { name: \&quot;rich\&quot;, friends: [Array] } }; Field \&quot;23\&quot; is not defined by type PersonInputUpdate.&quot;,&quot;locations&quot;:[{&quot;line&quot;:1,&quot;column&quot;:33}],&quot;extensions&quot;:{&quot;code&quot;:&quot;INTERNAL_SERVER_ERROR&quot;}},{&quot;message&quot;:&quot;Variable \&quot;$data\&quot; got invalid value { 0: \&quot;5\&quot;, 1: \&quot;d\&quot;, 2: \&quot;f\&quot;, 3: \&quot;8\&quot;, 4: \&quot;7\&quot;, 5: \&quot;6\&quot;, 6: \&quot;f\&quot;, 7: \&quot;3\&quot;, 8: \&quot;8\&quot;, 9: \&quot;0\&quot;, 10: \&quot;7\&quot;, 11: \&quot;f\&quot;, 12: \&quot;9\&quot;, 13: \&quot;9\&quot;, 14: \&quot;4\&quot;, 15: \&quot;5\&quot;, 16: \&quot;2\&quot;, 17: \&quot;f\&quot;, 18: \&quot;9\&quot;, 19: \&quot;0\&quot;, 20: \&quot;a\&quot;, 21: \&quot;2\&quot;, 22: \&quot;4\&quot;, 23: \&quot;c\&quot;, id: { name: \&quot;rich\&quot;, friends: [Array] } }; Field \&quot;id\&quot; is not defined by type PersonInputUpdate.&quot;,&quot;locations&quot;:[{&quot;line&quot;:1,&quot;column&quot;:33}],&quot;extensions&quot;:{&quot;code&quot;:&quot;INTERNAL_SERVER_ERROR&quot;}}],&quot;status&quot;:400},&quot;request&quot;:{&quot;query&quot;:&quot;mutation updatePerson ($id: ID! $data: PersonInputUpdate!) {\n      updatePerson (id: $id data: $data) {\n        id\n        name\n        authored { id },friends { id }\n      }\n    }&quot;,&quot;variables&quot;:{&quot;data&quot;:{&quot;0&quot;:&quot;5&quot;,&quot;1&quot;:&quot;d&quot;,&quot;2&quot;:&quot;f&quot;,&quot;3&quot;:&quot;8&quot;,&quot;4&quot;:&quot;7&quot;,&quot;5&quot;:&quot;6&quot;,&quot;6&quot;:&quot;f&quot;,&quot;7&quot;:&quot;3&quot;,&quot;8&quot;:&quot;8&quot;,&quot;9&quot;:&quot;0&quot;,&quot;10&quot;:&quot;7&quot;,&quot;11&quot;:&quot;f&quot;,&quot;12&quot;:&quot;9&quot;,&quot;13&quot;:&quot;9&quot;,&quot;14&quot;:&quot;4&quot;,&quot;15&quot;:&quot;5&quot;,&quot;16&quot;:&quot;2&quot;,&quot;17&quot;:&quot;f&quot;,&quot;18&quot;:&quot;9&quot;,&quot;19&quot;:&quot;0&quot;,&quot;20&quot;:&quot;a&quot;,&quot;21&quot;:&quot;2&quot;,&quot;22&quot;:&quot;4&quot;,&quot;23&quot;:&quot;c&quot;,&quot;id&quot;:{&quot;name&quot;:&quot;rich&quot;,&quot;friends&quot;:[&quot;5df876f3807f99452f90a24d&quot;,&quot;5df876f3807f99452f90a24d&quot;,&quot;5df876f3807f99452f90a24d&quot;]}}}}}
    at GraphQLClient.&lt;anonymous&gt; (/Users/coderich/Workspace/coderich/autograph/node_modules/graphql-request/src/index.ts:72:13)
    at step (/Users/coderich/Workspace/coderich/autograph/node_modules/graphql-request/dist/src/index.js:40:23)
    at Object.next (/Users/coderich/Workspace/coderich/autograph/node_modules/graphql-request/dist/src/index.js:21:53)
    at fulfilled (/Users/coderich/Workspace/coderich/autograph/node_modules/graphql-request/dist/src/index.js:12:58)
    at process._tickCallback (internal/process/next_tick.js:68:7)</failure>
    </testcase>
  </testsuite>
  <testsuite name="EventEmitter" errors="0" failures="0" skipped="1" timestamp="2019-12-17T06:34:27" time="0.074" tests="1">
    <testcase classname="EventEmitter Sequential Order" name="EventEmitter Sequential Order" time="0">
      <skipped/>
    </testcase>
  </testsuite>
  <testsuite name="EventService" errors="0" failures="0" skipped="1" timestamp="2019-12-17T06:34:27" time="0.077" tests="1">
    <testcase classname="EventService createSystemEvent" name="EventService createSystemEvent" time="0">
      <skipped/>
    </testcase>
  </testsuite>
  <testsuite name="Store" errors="0" failures="0" skipped="1" timestamp="2019-12-17T06:34:27" time="0.279" tests="1">
    <testcase classname="Store PersonSchema" name="Store PersonSchema" time="0">
      <skipped/>
    </testcase>
  </testsuite>
  <testsuite name="AppService" errors="0" failures="0" skipped="6" timestamp="2019-12-17T06:34:28" time="0.078" tests="6">
    <testcase classname="AppService MicroMatch" name="AppService MicroMatch" time="0">
      <skipped/>
    </testcase>
    <testcase classname="AppService isPlainObject" name="AppService isPlainObject" time="0">
      <skipped/>
    </testcase>
    <testcase classname="AppService mergeDeep" name="AppService mergeDeep" time="0">
      <skipped/>
    </testcase>
    <testcase classname="AppService hashObject" name="AppService hashObject" time="0">
      <skipped/>
    </testcase>
    <testcase classname="AppService uniq" name="AppService uniq" time="0">
      <skipped/>
    </testcase>
    <testcase classname="AppService proxyDeep" name="AppService proxyDeep" time="0">
      <skipped/>
    </testcase>
  </testsuite>
</testsuites>