<?xml version="1.0" encoding="UTF-8"?>
<testsuites name="autograph" tests="146" failures="0" time="14.895">
  <testsuite name="StoreNeo4j-neo4j" errors="0" failures="0" skipped="0" timestamp="2019-12-20T02:00:30" time="3.973" tests="34">
    <testcase classname="StoreNeo4j-neo4j Create Person" name="StoreNeo4j-neo4j Create Person" time="0.017">
    </testcase>
    <testcase classname="StoreNeo4j-neo4j Create Book" name="StoreNeo4j-neo4j Create Book" time="0.01">
    </testcase>
    <testcase classname="StoreNeo4j-neo4j Create Chapter" name="StoreNeo4j-neo4j Create Chapter" time="0.011">
    </testcase>
    <testcase classname="StoreNeo4j-neo4j Create Page" name="StoreNeo4j-neo4j Create Page" time="0.014">
    </testcase>
    <testcase classname="StoreNeo4j-neo4j Create Building" name="StoreNeo4j-neo4j Create Building" time="0.012">
    </testcase>
    <testcase classname="StoreNeo4j-neo4j Create BookStore" name="StoreNeo4j-neo4j Create BookStore" time="0.01">
    </testcase>
    <testcase classname="StoreNeo4j-neo4j Create Library" name="StoreNeo4j-neo4j Create Library" time="0.007">
    </testcase>
    <testcase classname="StoreNeo4j-neo4j Get Person" name="StoreNeo4j-neo4j Get Person" time="0.004">
    </testcase>
    <testcase classname="StoreNeo4j-neo4j Get Book" name="StoreNeo4j-neo4j Get Book" time="0.003">
    </testcase>
    <testcase classname="StoreNeo4j-neo4j Get Chapter" name="StoreNeo4j-neo4j Get Chapter" time="0.004">
    </testcase>
    <testcase classname="StoreNeo4j-neo4j Get Page" name="StoreNeo4j-neo4j Get Page" time="0.007">
    </testcase>
    <testcase classname="StoreNeo4j-neo4j Get Building" name="StoreNeo4j-neo4j Get Building" time="0.005">
    </testcase>
    <testcase classname="StoreNeo4j-neo4j Get BookStore" name="StoreNeo4j-neo4j Get BookStore" time="0.004">
    </testcase>
    <testcase classname="StoreNeo4j-neo4j Get Library" name="StoreNeo4j-neo4j Get Library" time="0.002">
    </testcase>
    <testcase classname="StoreNeo4j-neo4j Find Person" name="StoreNeo4j-neo4j Find Person" time="0.007">
    </testcase>
    <testcase classname="StoreNeo4j-neo4j Find Book" name="StoreNeo4j-neo4j Find Book" time="0.012">
    </testcase>
    <testcase classname="StoreNeo4j-neo4j Find Chapter" name="StoreNeo4j-neo4j Find Chapter" time="0.013">
    </testcase>
    <testcase classname="StoreNeo4j-neo4j Find Page" name="StoreNeo4j-neo4j Find Page" time="0.008">
    </testcase>
    <testcase classname="StoreNeo4j-neo4j Find Building" name="StoreNeo4j-neo4j Find Building" time="0.019">
    </testcase>
    <testcase classname="StoreNeo4j-neo4j Find BookStore" name="StoreNeo4j-neo4j Find BookStore" time="0.007">
    </testcase>
    <testcase classname="StoreNeo4j-neo4j Find Library" name="StoreNeo4j-neo4j Find Library" time="0.004">
    </testcase>
    <testcase classname="StoreNeo4j-neo4j Count (find) Person" name="StoreNeo4j-neo4j Count (find) Person" time="0.006">
    </testcase>
    <testcase classname="StoreNeo4j-neo4j Count (find) Book" name="StoreNeo4j-neo4j Count (find) Book" time="0.012">
    </testcase>
    <testcase classname="StoreNeo4j-neo4j Count (find) Chapter" name="StoreNeo4j-neo4j Count (find) Chapter" time="0.012">
    </testcase>
    <testcase classname="StoreNeo4j-neo4j Count (find) Page" name="StoreNeo4j-neo4j Count (find) Page" time="0.01">
    </testcase>
    <testcase classname="StoreNeo4j-neo4j Count (find) Building" name="StoreNeo4j-neo4j Count (find) Building" time="0.021">
    </testcase>
    <testcase classname="StoreNeo4j-neo4j Count (find) BookStore" name="StoreNeo4j-neo4j Count (find) BookStore" time="0.007">
    </testcase>
    <testcase classname="StoreNeo4j-neo4j Count (find) Library" name="StoreNeo4j-neo4j Count (find) Library" time="0.002">
    </testcase>
    <testcase classname="StoreNeo4j-neo4j Data Validations Person" name="StoreNeo4j-neo4j Data Validations Person" time="0.024">
    </testcase>
    <testcase classname="StoreNeo4j-neo4j Data Validations Book" name="StoreNeo4j-neo4j Data Validations Book" time="0.005">
    </testcase>
    <testcase classname="StoreNeo4j-neo4j Data Validations Chapter" name="StoreNeo4j-neo4j Data Validations Chapter" time="0.002">
    </testcase>
    <testcase classname="StoreNeo4j-neo4j Data Validations Page" name="StoreNeo4j-neo4j Data Validations Page" time="0.001">
    </testcase>
    <testcase classname="StoreNeo4j-neo4j Data Validations Building" name="StoreNeo4j-neo4j Data Validations Building" time="0.005">
    </testcase>
    <testcase classname="StoreNeo4j-neo4j Data Validations Library" name="StoreNeo4j-neo4j Data Validations Library" time="0.003">
    </testcase>
  </testsuite>
  <testsuite name="StoreNeo4j-neo4jRest" errors="0" failures="0" skipped="0" timestamp="2019-12-20T02:00:34" time="2.9" tests="34">
    <testcase classname="StoreNeo4j-neo4jRest Create Person" name="StoreNeo4j-neo4jRest Create Person" time="0.018">
    </testcase>
    <testcase classname="StoreNeo4j-neo4jRest Create Book" name="StoreNeo4j-neo4jRest Create Book" time="0.018">
    </testcase>
    <testcase classname="StoreNeo4j-neo4jRest Create Chapter" name="StoreNeo4j-neo4jRest Create Chapter" time="0.015">
    </testcase>
    <testcase classname="StoreNeo4j-neo4jRest Create Page" name="StoreNeo4j-neo4jRest Create Page" time="0.029">
    </testcase>
    <testcase classname="StoreNeo4j-neo4jRest Create Building" name="StoreNeo4j-neo4jRest Create Building" time="0.02">
    </testcase>
    <testcase classname="StoreNeo4j-neo4jRest Create BookStore" name="StoreNeo4j-neo4jRest Create BookStore" time="0.019">
    </testcase>
    <testcase classname="StoreNeo4j-neo4jRest Create Library" name="StoreNeo4j-neo4jRest Create Library" time="0.012">
    </testcase>
    <testcase classname="StoreNeo4j-neo4jRest Get Person" name="StoreNeo4j-neo4jRest Get Person" time="0.006">
    </testcase>
    <testcase classname="StoreNeo4j-neo4jRest Get Book" name="StoreNeo4j-neo4jRest Get Book" time="0.007">
    </testcase>
    <testcase classname="StoreNeo4j-neo4jRest Get Chapter" name="StoreNeo4j-neo4jRest Get Chapter" time="0.006">
    </testcase>
    <testcase classname="StoreNeo4j-neo4jRest Get Page" name="StoreNeo4j-neo4jRest Get Page" time="0.015">
    </testcase>
    <testcase classname="StoreNeo4j-neo4jRest Get Building" name="StoreNeo4j-neo4jRest Get Building" time="0.011">
    </testcase>
    <testcase classname="StoreNeo4j-neo4jRest Get BookStore" name="StoreNeo4j-neo4jRest Get BookStore" time="0.006">
    </testcase>
    <testcase classname="StoreNeo4j-neo4jRest Get Library" name="StoreNeo4j-neo4jRest Get Library" time="0.003">
    </testcase>
    <testcase classname="StoreNeo4j-neo4jRest Find Person" name="StoreNeo4j-neo4jRest Find Person" time="0.01">
    </testcase>
    <testcase classname="StoreNeo4j-neo4jRest Find Book" name="StoreNeo4j-neo4jRest Find Book" time="0.02">
    </testcase>
    <testcase classname="StoreNeo4j-neo4jRest Find Chapter" name="StoreNeo4j-neo4jRest Find Chapter" time="0.025">
    </testcase>
    <testcase classname="StoreNeo4j-neo4jRest Find Page" name="StoreNeo4j-neo4jRest Find Page" time="0.022">
    </testcase>
    <testcase classname="StoreNeo4j-neo4jRest Find Building" name="StoreNeo4j-neo4jRest Find Building" time="0.034">
    </testcase>
    <testcase classname="StoreNeo4j-neo4jRest Find BookStore" name="StoreNeo4j-neo4jRest Find BookStore" time="0.013">
    </testcase>
    <testcase classname="StoreNeo4j-neo4jRest Find Library" name="StoreNeo4j-neo4jRest Find Library" time="0.004">
    </testcase>
    <testcase classname="StoreNeo4j-neo4jRest Count (find) Person" name="StoreNeo4j-neo4jRest Count (find) Person" time="0.009">
    </testcase>
    <testcase classname="StoreNeo4j-neo4jRest Count (find) Book" name="StoreNeo4j-neo4jRest Count (find) Book" time="0.022">
    </testcase>
    <testcase classname="StoreNeo4j-neo4jRest Count (find) Chapter" name="StoreNeo4j-neo4jRest Count (find) Chapter" time="0.024">
    </testcase>
    <testcase classname="StoreNeo4j-neo4jRest Count (find) Page" name="StoreNeo4j-neo4jRest Count (find) Page" time="0.02">
    </testcase>
    <testcase classname="StoreNeo4j-neo4jRest Count (find) Building" name="StoreNeo4j-neo4jRest Count (find) Building" time="0.034">
    </testcase>
    <testcase classname="StoreNeo4j-neo4jRest Count (find) BookStore" name="StoreNeo4j-neo4jRest Count (find) BookStore" time="0.012">
    </testcase>
    <testcase classname="StoreNeo4j-neo4jRest Count (find) Library" name="StoreNeo4j-neo4jRest Count (find) Library" time="0.003">
    </testcase>
    <testcase classname="StoreNeo4j-neo4jRest Data Validations Person" name="StoreNeo4j-neo4jRest Data Validations Person" time="0.057">
    </testcase>
    <testcase classname="StoreNeo4j-neo4jRest Data Validations Book" name="StoreNeo4j-neo4jRest Data Validations Book" time="0.006">
    </testcase>
    <testcase classname="StoreNeo4j-neo4jRest Data Validations Chapter" name="StoreNeo4j-neo4jRest Data Validations Chapter" time="0.002">
    </testcase>
    <testcase classname="StoreNeo4j-neo4jRest Data Validations Page" name="StoreNeo4j-neo4jRest Data Validations Page" time="0.001">
    </testcase>
    <testcase classname="StoreNeo4j-neo4jRest Data Validations Building" name="StoreNeo4j-neo4jRest Data Validations Building" time="0.008">
    </testcase>
    <testcase classname="StoreNeo4j-neo4jRest Data Validations Library" name="StoreNeo4j-neo4jRest Data Validations Library" time="0.009">
    </testcase>
  </testsuite>
  <testsuite name="StoreMongo-mongo" errors="0" failures="0" skipped="0" timestamp="2019-12-20T02:00:37" time="2.629" tests="34">
    <testcase classname="StoreMongo-mongo Create Person" name="StoreMongo-mongo Create Person" time="0.021">
    </testcase>
    <testcase classname="StoreMongo-mongo Create Book" name="StoreMongo-mongo Create Book" time="0.01">
    </testcase>
    <testcase classname="StoreMongo-mongo Create Chapter" name="StoreMongo-mongo Create Chapter" time="0.006">
    </testcase>
    <testcase classname="StoreMongo-mongo Create Page" name="StoreMongo-mongo Create Page" time="0.012">
    </testcase>
    <testcase classname="StoreMongo-mongo Create Building" name="StoreMongo-mongo Create Building" time="0.011">
    </testcase>
    <testcase classname="StoreMongo-mongo Create BookStore" name="StoreMongo-mongo Create BookStore" time="0.009">
    </testcase>
    <testcase classname="StoreMongo-mongo Create Library" name="StoreMongo-mongo Create Library" time="0.005">
    </testcase>
    <testcase classname="StoreMongo-mongo Get Person" name="StoreMongo-mongo Get Person" time="0.003">
    </testcase>
    <testcase classname="StoreMongo-mongo Get Book" name="StoreMongo-mongo Get Book" time="0.003">
    </testcase>
    <testcase classname="StoreMongo-mongo Get Chapter" name="StoreMongo-mongo Get Chapter" time="0.003">
    </testcase>
    <testcase classname="StoreMongo-mongo Get Page" name="StoreMongo-mongo Get Page" time="0.006">
    </testcase>
    <testcase classname="StoreMongo-mongo Get Building" name="StoreMongo-mongo Get Building" time="0.004">
    </testcase>
    <testcase classname="StoreMongo-mongo Get BookStore" name="StoreMongo-mongo Get BookStore" time="0.003">
    </testcase>
    <testcase classname="StoreMongo-mongo Get Library" name="StoreMongo-mongo Get Library" time="0.002">
    </testcase>
    <testcase classname="StoreMongo-mongo Find Person" name="StoreMongo-mongo Find Person" time="0.007">
    </testcase>
    <testcase classname="StoreMongo-mongo Find Book" name="StoreMongo-mongo Find Book" time="0.009">
    </testcase>
    <testcase classname="StoreMongo-mongo Find Chapter" name="StoreMongo-mongo Find Chapter" time="0.009">
    </testcase>
    <testcase classname="StoreMongo-mongo Find Page" name="StoreMongo-mongo Find Page" time="0.007">
    </testcase>
    <testcase classname="StoreMongo-mongo Find Building" name="StoreMongo-mongo Find Building" time="0.008">
    </testcase>
    <testcase classname="StoreMongo-mongo Find BookStore" name="StoreMongo-mongo Find BookStore" time="0.005">
    </testcase>
    <testcase classname="StoreMongo-mongo Find Library" name="StoreMongo-mongo Find Library" time="0.002">
    </testcase>
    <testcase classname="StoreMongo-mongo Count (find) Person" name="StoreMongo-mongo Count (find) Person" time="0.006">
    </testcase>
    <testcase classname="StoreMongo-mongo Count (find) Book" name="StoreMongo-mongo Count (find) Book" time="0.006">
    </testcase>
    <testcase classname="StoreMongo-mongo Count (find) Chapter" name="StoreMongo-mongo Count (find) Chapter" time="0.008">
    </testcase>
    <testcase classname="StoreMongo-mongo Count (find) Page" name="StoreMongo-mongo Count (find) Page" time="0.006">
    </testcase>
    <testcase classname="StoreMongo-mongo Count (find) Building" name="StoreMongo-mongo Count (find) Building" time="0.008">
    </testcase>
    <testcase classname="StoreMongo-mongo Count (find) BookStore" name="StoreMongo-mongo Count (find) BookStore" time="0.004">
    </testcase>
    <testcase classname="StoreMongo-mongo Count (find) Library" name="StoreMongo-mongo Count (find) Library" time="0.001">
    </testcase>
    <testcase classname="StoreMongo-mongo Data Validations Person" name="StoreMongo-mongo Data Validations Person" time="0.033">
    </testcase>
    <testcase classname="StoreMongo-mongo Data Validations Book" name="StoreMongo-mongo Data Validations Book" time="0.005">
    </testcase>
    <testcase classname="StoreMongo-mongo Data Validations Chapter" name="StoreMongo-mongo Data Validations Chapter" time="0.001">
    </testcase>
    <testcase classname="StoreMongo-mongo Data Validations Page" name="StoreMongo-mongo Data Validations Page" time="0.001">
    </testcase>
    <testcase classname="StoreMongo-mongo Data Validations Building" name="StoreMongo-mongo Data Validations Building" time="0.004">
    </testcase>
    <testcase classname="StoreMongo-mongo Data Validations Library" name="StoreMongo-mongo Data Validations Library" time="0.003">
    </testcase>
  </testsuite>
  <testsuite name="DataLoader-mongo" errors="0" failures="0" skipped="0" timestamp="2019-12-20T02:00:39" time="2.684" tests="34">
    <testcase classname="DataLoader-mongo Create Person" name="DataLoader-mongo Create Person" time="0.009">
    </testcase>
    <testcase classname="DataLoader-mongo Create Book" name="DataLoader-mongo Create Book" time="0.009">
    </testcase>
    <testcase classname="DataLoader-mongo Create Chapter" name="DataLoader-mongo Create Chapter" time="0.011">
    </testcase>
    <testcase classname="DataLoader-mongo Create Page" name="DataLoader-mongo Create Page" time="0.012">
    </testcase>
    <testcase classname="DataLoader-mongo Create Building" name="DataLoader-mongo Create Building" time="0.009">
    </testcase>
    <testcase classname="DataLoader-mongo Create BookStore" name="DataLoader-mongo Create BookStore" time="0.009">
    </testcase>
    <testcase classname="DataLoader-mongo Create Library" name="DataLoader-mongo Create Library" time="0.006">
    </testcase>
    <testcase classname="DataLoader-mongo Get Person" name="DataLoader-mongo Get Person" time="0.005">
    </testcase>
    <testcase classname="DataLoader-mongo Get Book" name="DataLoader-mongo Get Book" time="0.005">
    </testcase>
    <testcase classname="DataLoader-mongo Get Chapter" name="DataLoader-mongo Get Chapter" time="0.003">
    </testcase>
    <testcase classname="DataLoader-mongo Get Page" name="DataLoader-mongo Get Page" time="0.007">
    </testcase>
    <testcase classname="DataLoader-mongo Get Building" name="DataLoader-mongo Get Building" time="0.005">
    </testcase>
    <testcase classname="DataLoader-mongo Get BookStore" name="DataLoader-mongo Get BookStore" time="0.004">
    </testcase>
    <testcase classname="DataLoader-mongo Get Library" name="DataLoader-mongo Get Library" time="0.002">
    </testcase>
    <testcase classname="DataLoader-mongo Find Person" name="DataLoader-mongo Find Person" time="0.005">
    </testcase>
    <testcase classname="DataLoader-mongo Find Book" name="DataLoader-mongo Find Book" time="0.008">
    </testcase>
    <testcase classname="DataLoader-mongo Find Chapter" name="DataLoader-mongo Find Chapter" time="0.01">
    </testcase>
    <testcase classname="DataLoader-mongo Find Page" name="DataLoader-mongo Find Page" time="0.008">
    </testcase>
    <testcase classname="DataLoader-mongo Find Building" name="DataLoader-mongo Find Building" time="0.009">
    </testcase>
    <testcase classname="DataLoader-mongo Find BookStore" name="DataLoader-mongo Find BookStore" time="0.005">
    </testcase>
    <testcase classname="DataLoader-mongo Find Library" name="DataLoader-mongo Find Library" time="0.001">
    </testcase>
    <testcase classname="DataLoader-mongo Count (find) Person" name="DataLoader-mongo Count (find) Person" time="0.006">
    </testcase>
    <testcase classname="DataLoader-mongo Count (find) Book" name="DataLoader-mongo Count (find) Book" time="0.007">
    </testcase>
    <testcase classname="DataLoader-mongo Count (find) Chapter" name="DataLoader-mongo Count (find) Chapter" time="0.01">
    </testcase>
    <testcase classname="DataLoader-mongo Count (find) Page" name="DataLoader-mongo Count (find) Page" time="0.007">
    </testcase>
    <testcase classname="DataLoader-mongo Count (find) Building" name="DataLoader-mongo Count (find) Building" time="0.008">
    </testcase>
    <testcase classname="DataLoader-mongo Count (find) BookStore" name="DataLoader-mongo Count (find) BookStore" time="0.005">
    </testcase>
    <testcase classname="DataLoader-mongo Count (find) Library" name="DataLoader-mongo Count (find) Library" time="0.001">
    </testcase>
    <testcase classname="DataLoader-mongo Data Validations Person" name="DataLoader-mongo Data Validations Person" time="0.035">
    </testcase>
    <testcase classname="DataLoader-mongo Data Validations Book" name="DataLoader-mongo Data Validations Book" time="0.005">
    </testcase>
    <testcase classname="DataLoader-mongo Data Validations Chapter" name="DataLoader-mongo Data Validations Chapter" time="0.001">
    </testcase>
    <testcase classname="DataLoader-mongo Data Validations Page" name="DataLoader-mongo Data Validations Page" time="0.001">
    </testcase>
    <testcase classname="DataLoader-mongo Data Validations Building" name="DataLoader-mongo Data Validations Building" time="0.004">
    </testcase>
    <testcase classname="DataLoader-mongo Data Validations Library" name="DataLoader-mongo Data Validations Library" time="0.003">
    </testcase>
  </testsuite>
  <testsuite name="EventEmitter" errors="0" failures="0" skipped="0" timestamp="2019-12-20T02:00:42" time="1.079" tests="1">
    <testcase classname="EventEmitter Sequential Order" name="EventEmitter Sequential Order" time="1.013">
    </testcase>
  </testsuite>
  <testsuite name="EventService" errors="0" failures="0" skipped="0" timestamp="2019-12-20T02:00:43" time="1.089" tests="1">
    <testcase classname="EventService createSystemEvent" name="EventService createSystemEvent" time="1.012">
    </testcase>
  </testsuite>
  <testsuite name="AppService" errors="0" failures="0" skipped="0" timestamp="2019-12-20T02:00:44" time="0.096" tests="7">
    <testcase classname="AppService isMatch" name="AppService isMatch" time="0.003">
    </testcase>
    <testcase classname="AppService isRegex" name="AppService isRegex" time="0.001">
    </testcase>
    <testcase classname="AppService isPlainObject" name="AppService isPlainObject" time="0.001">
    </testcase>
    <testcase classname="AppService mergeDeep" name="AppService mergeDeep" time="0.001">
    </testcase>
    <testcase classname="AppService hashObject" name="AppService hashObject" time="0.001">
    </testcase>
    <testcase classname="AppService uniq" name="AppService uniq" time="0">
    </testcase>
    <testcase classname="AppService proxyDeep" name="AppService proxyDeep" time="0.001">
    </testcase>
  </testsuite>
  <testsuite name="RuleService" errors="0" failures="0" skipped="0" timestamp="2019-12-20T02:00:44" time="0.052" tests="1">
    <testcase classname="RuleService range" name="RuleService range" time="0.011">
    </testcase>
  </testsuite>
</testsuites>