<?xml version="1.0" encoding="UTF-8"?>
<testsuites name="@coderich/autograph" tests="14" failures="0" time="6.137">
  <testsuite name="Store" errors="0" failures="0" skipped="0" timestamp="2019-12-17T20:06:51" time="2.179" tests="3">
    <testcase classname="Store PersonSchema" name="Store PersonSchema" time="0.081">
    </testcase>
    <testcase classname="Store BookSchema" name="Store BookSchema" time="0.013">
    </testcase>
    <testcase classname="Store ChapterSchema" name="Store ChapterSchema" time="0.014">
    </testcase>
  </testsuite>
  <testsuite name="EventService" errors="0" failures="0" skipped="0" timestamp="2019-12-17T20:06:54" time="1.08" tests="1">
    <testcase classname="EventService createSystemEvent" name="EventService createSystemEvent" time="1.009">
    </testcase>
  </testsuite>
  <testsuite name="EventEmitter" errors="0" failures="0" skipped="0" timestamp="2019-12-17T20:06:55" time="1.113" tests="1">
    <testcase classname="EventEmitter Sequential Order" name="EventEmitter Sequential Order" time="1.015">
    </testcase>
  </testsuite>
  <testsuite name="DataLoader" errors="0" failures="0" skipped="0" timestamp="2019-12-17T20:06:56" time="0.641" tests="3">
    <testcase classname="DataLoader PersonSchema" name="DataLoader PersonSchema" time="0.089">
    </testcase>
    <testcase classname="DataLoader BookSchema" name="DataLoader BookSchema" time="0.02">
    </testcase>
    <testcase classname="DataLoader ChapterSchema" name="DataLoader ChapterSchema" time="0.022">
    </testcase>
  </testsuite>
  <testsuite name="AppService" errors="0" failures="0" skipped="0" timestamp="2019-12-17T20:06:56" time="0.114" tests="6">
    <testcase classname="AppService MicroMatch" name="AppService MicroMatch" time="0.003">
    </testcase>
    <testcase classname="AppService isPlainObject" name="AppService isPlainObject" time="0.001">
    </testcase>
    <testcase classname="AppService mergeDeep" name="AppService mergeDeep" time="0.002">
    </testcase>
    <testcase classname="AppService hashObject" name="AppService hashObject" time="0.001">
    </testcase>
    <testcase classname="AppService uniq" name="AppService uniq" time="0.001">
    </testcase>
    <testcase classname="AppService proxyDeep" name="AppService proxyDeep" time="0.002">
    </testcase>
  </testsuite>
</testsuites>